
Hyperopt trials
tid,loss,learning_rate,n_modules,batch_size,time,n_epochs,n_params,perf_time
0,0.615823,0.000591,1,6,10,10.553,70,86746,10.534110
1,0.679733,0.000127,1,6,6,23.428,200,8072,23.428158
2,1.460619,0.000910,2,5,8,73.925,200,10188,73.923989
3,0.638913,0.001263,1,8,12,11.518,200,50062,11.516715
4,1.441116,0.000018,2,6,8,36.51,200,118878,36.510376
5,1.182096,0.000229,2,10,7,7.587,200,35212,7.585897
6,0.728566,0.000919,3,9,12,14.086,198,562852,14.086130
7,0.720984,0.008819,3,8,11,8.614,70,227790,8.613649
8,0.653688,0.002211,1,6,11,7.856,49,288442,7.854574
9,0.642786,0.006545,1,9,10,2.766,36,141338,2.765339
10,0.683558,0.009339,3,5,6,19.807,31,68566,19.806488
11,0.679846,0.001122,2,9,6,7.434,170,96358,7.433697
12,0.630350,0.003007,1,5,8,8.935,31,87772,8.934967
13,1.217910,0.000031,3,6,11,53.917,200,275170,53.916330
14,0.719379,0.006000,3,8,7,9.574,95,62190,9.574159
15,1.657023,0.000067,3,6,6,51.829,200,17566,51.828592
16,1.594394,0.002515,2,10,9,7.661,200,18462,7.659537
17,2.842018,0.000011,1,8,8,8.38,200,20812,8.379169
18,0.837785,0.003119,2,10,6,7.448,200,63580,7.446821
19,0.669075,0.002832,3,6,8,21.438,70,119802,21.436676

Best parameters:
Model parameters: 86746
Best Time taken: 10.534110